<?xml version="1.0" encoding="UTF-8"?>
<!-- Generated by org.testng.reporters.JUnitXMLReporter -->
<testsuite hostname="Sanjay" ignored="0" name="Default test" tests="3" failures="0" timestamp="17 Feb 2020 21:42:59 GMT" time="76.109" errors="0">
  <testcase name="testVerifyTitle" time="0.023" classname="com.acti.Testcases.TC01_login"/>
  <testcase name="testVerifyLogoDisplayed" time="0.916" classname="com.acti.Testcases.TC01_login"/>
  <testcase name="testValidateLoginFunction" time="3.856" classname="com.acti.Testcases.TC01_login"/>
</testsuite> <!-- Default test -->
